#! /usr/local/iverilog/bin/vvp
:ivl_version "11.0 (devel)" "(s20150603-642-g3bdb50da)";
:ivl_delay_selection "TYPICAL";
:vpi_time_precision - 12;
:vpi_module "system";
:vpi_module "vhdl_sys";
:vpi_module "vhdl_textio";
:vpi_module "v2005_math";
:vpi_module "va_math";
S_000000000111b4b0 .scope module, "test_adders" "test_adders" 2 14;
 .timescale -9 -12;
L_00000000015100d0 .functor BUFT 1, C4<0>, C4<0>, C4<0>, C4<0>;
v00000000011c6190_0 .net *"_s10", 0 0, L_00000000015100d0;  1 drivers
v00000000011c6910_0 .net *"_s11", 1 0, L_00000000011c77a0;  1 drivers
v00000000011c6230_0 .net *"_s13", 1 0, L_00000000011c82e0;  1 drivers
L_0000000001510118 .functor BUFT 1, C4<0>, C4<0>, C4<0>, C4<0>;
v00000000011c7270_0 .net *"_s16", 0 0, L_0000000001510118;  1 drivers
v00000000011c5c90_0 .net *"_s17", 1 0, L_00000000011c8e20;  1 drivers
v00000000011c5790_0 .net *"_s22", 2 0, L_00000000011c9140;  1 drivers
L_0000000001510160 .functor BUFT 1, C4<0>, C4<0>, C4<0>, C4<0>;
v00000000011c5970_0 .net *"_s25", 0 0, L_0000000001510160;  1 drivers
v00000000011c6370_0 .net *"_s26", 2 0, L_00000000011c8ec0;  1 drivers
L_00000000015101a8 .functor BUFT 1, C4<0>, C4<0>, C4<0>, C4<0>;
v00000000011c7310_0 .net *"_s29", 0 0, L_00000000015101a8;  1 drivers
v00000000011c5a10_0 .net *"_s3", 1 0, L_00000000011c7980;  1 drivers
v00000000011c6cd0_0 .net *"_s30", 2 0, L_00000000011c8f60;  1 drivers
v00000000011c5510_0 .net *"_s32", 2 0, L_00000000011c9320;  1 drivers
L_00000000015101f0 .functor BUFT 1, C4<00>, C4<0>, C4<0>, C4<0>;
v00000000011c5650_0 .net *"_s35", 1 0, L_00000000015101f0;  1 drivers
v00000000011c5bf0_0 .net *"_s36", 2 0, L_00000000011c7b60;  1 drivers
v00000000011c6410_0 .net *"_s42", 3 0, L_00000000011c8b00;  1 drivers
L_0000000001510088 .functor BUFT 1, C4<0>, C4<0>, C4<0>, C4<0>;
v00000000011c5d30_0 .net *"_s6", 0 0, L_0000000001510088;  1 drivers
v00000000011c64b0_0 .net *"_s7", 1 0, L_00000000011c8600;  1 drivers
v00000000011c6af0_0 .var "a", 0 0;
v00000000011c6f50_0 .var "a2", 1 0;
v00000000011c5ab0_0 .var "a4", 3 0;
v00000000011c56f0_0 .net "actual_fa2_cout", 0 0, L_0000000001155f20;  1 drivers
v00000000011c5e70_0 .net "actual_fa2_sum", 1 0, L_00000000011c93c0;  1 drivers
v00000000011c5dd0_0 .net "actual_fa_cout", 0 0, L_0000000001155f90;  1 drivers
RS_0000000001169fa8 .resolv tri, L_0000000001155eb0, L_00000000011560e0;
v00000000011c69b0_0 .net8 "actual_fa_sum", 0 0, RS_0000000001169fa8;  2 drivers
v00000000011c6a50_0 .net "actual_ha_cout", 0 0, L_00000000011561c0;  1 drivers
v00000000011c6b90_0 .net "actual_ha_sum", 0 0, L_0000000001156150;  1 drivers
v00000000011c6c30_0 .net "actual_rca4_sum", 7 0, L_00000000011c8920;  1 drivers
v00000000011c87e0_0 .var "b", 0 0;
v00000000011c7700_0 .var "b2", 1 0;
v00000000011c8880_0 .var "b4", 3 0;
v00000000011c8380_0 .var "cin", 0 0;
v00000000011c8420_0 .var/i "errors", 31 0;
v00000000011c8ba0_0 .net "exp_fa2_cout", 0 0, L_00000000011c90a0;  1 drivers
v00000000011c7a20_0 .net "exp_fa2_sum", 1 0, L_00000000011c86a0;  1 drivers
v00000000011c8c40_0 .net "exp_fa_cout", 0 0, L_00000000011c7ac0;  1 drivers
v00000000011c84c0_0 .net "exp_fa_sum", 0 0, L_00000000011c78e0;  1 drivers
v00000000011c7520_0 .net "exp_rca4_sum", 3 0, L_00000000011c8a60;  1 drivers
v00000000011c8560_0 .var/i "i", 31 0;
v00000000011c8ce0_0 .var/i "tests", 31 0;
L_00000000011c7ac0 .part L_00000000011c8e20, 1, 1;
L_00000000011c78e0 .part L_00000000011c8e20, 0, 1;
L_00000000011c7980 .concat [ 1 1 0 0], v00000000011c6af0_0, L_0000000001510088;
L_00000000011c8600 .concat [ 1 1 0 0], v00000000011c87e0_0, L_00000000015100d0;
L_00000000011c77a0 .arith/sum 2, L_00000000011c7980, L_00000000011c8600;
L_00000000011c82e0 .concat [ 1 1 0 0], v00000000011c8380_0, L_0000000001510118;
L_00000000011c8e20 .arith/sum 2, L_00000000011c77a0, L_00000000011c82e0;
L_00000000011c90a0 .part L_00000000011c7b60, 2, 1;
L_00000000011c86a0 .part L_00000000011c7b60, 0, 2;
L_00000000011c9140 .concat [ 2 1 0 0], v00000000011c6f50_0, L_0000000001510160;
L_00000000011c8ec0 .concat [ 2 1 0 0], v00000000011c7700_0, L_00000000015101a8;
L_00000000011c8f60 .arith/sum 3, L_00000000011c9140, L_00000000011c8ec0;
L_00000000011c9320 .concat [ 1 2 0 0], v00000000011c8380_0, L_00000000015101f0;
L_00000000011c7b60 .arith/sum 3, L_00000000011c8f60, L_00000000011c9320;
L_00000000011c89c0 .concat [ 4 4 0 0], v00000000011c5ab0_0, v00000000011c8880_0;
L_00000000011c8a60 .part L_00000000011c8b00, 0, 4;
L_00000000011c8b00 .arith/sum 4, v00000000011c5ab0_0, v00000000011c8880_0;
S_0000000001118f50 .scope module, "fa" "fulladder" 2 31, 3 20 0, S_000000000111b4b0;
 .timescale -9 -12;
    .port_info 0 /INPUT 1 "cin";
    .port_info 1 /INPUT 1 "a";
    .port_info 2 /INPUT 1 "b";
    .port_info 3 /OUTPUT 1 "s";
    .port_info 4 /OUTPUT 1 "cout";
L_0000000001155f90 .functor OR 1, L_0000000001156310, L_0000000001155890, C4<0>, C4<0>;
v000000000114ca00_0 .net "a", 0 0, v00000000011c6af0_0;  1 drivers
v000000000114cdc0_0 .net "b", 0 0, v00000000011c87e0_0;  1 drivers
v000000000114d400_0 .net "cin", 0 0, v00000000011c8380_0;  1 drivers
v000000000114caa0_0 .net "cout", 0 0, L_0000000001155f90;  alias, 1 drivers
v000000000114d540_0 .net "cout_tmp1", 0 0, L_0000000001156310;  1 drivers
v000000000114cb40_0 .net "cout_tmp2", 0 0, L_0000000001155890;  1 drivers
v000000000114cc80_0 .net8 "s", 0 0, RS_0000000001169fa8;  alias, 2 drivers
o000000000116a098 .functor BUFZ 1, C4<z>; HiZ drive
v000000000114cd20_0 .net "s_tmp", 0 0, o000000000116a098;  0 drivers
S_00000000011190e0 .scope module, "h0" "halfadder" 3 27, 3 10 0, S_0000000001118f50;
 .timescale -9 -12;
    .port_info 0 /INPUT 1 "a";
    .port_info 1 /INPUT 1 "b";
    .port_info 2 /OUTPUT 1 "s";
    .port_info 3 /OUTPUT 1 "cout";
L_0000000001155eb0 .functor XOR 1, v00000000011c6af0_0, v00000000011c87e0_0, C4<0>, C4<0>;
L_0000000001156310 .functor AND 1, v00000000011c6af0_0, v00000000011c87e0_0, C4<1>, C4<1>;
v000000000114c5a0_0 .net "a", 0 0, v00000000011c6af0_0;  alias, 1 drivers
v000000000114d900_0 .net "b", 0 0, v00000000011c87e0_0;  alias, 1 drivers
v000000000114d9a0_0 .net "cout", 0 0, L_0000000001156310;  alias, 1 drivers
v000000000114d0e0_0 .net8 "s", 0 0, RS_0000000001169fa8;  alias, 2 drivers
S_00000000010f4570 .scope module, "h1" "halfadder" 3 28, 3 10 0, S_0000000001118f50;
 .timescale -9 -12;
    .port_info 0 /INPUT 1 "a";
    .port_info 1 /INPUT 1 "b";
    .port_info 2 /OUTPUT 1 "s";
    .port_info 3 /OUTPUT 1 "cout";
L_00000000011560e0 .functor XOR 1, o000000000116a098, v00000000011c8380_0, C4<0>, C4<0>;
L_0000000001155890 .functor AND 1, o000000000116a098, v00000000011c8380_0, C4<1>, C4<1>;
v000000000114d040_0 .net "a", 0 0, o000000000116a098;  alias, 0 drivers
v000000000114c8c0_0 .net "b", 0 0, v00000000011c8380_0;  alias, 1 drivers
v000000000114bd80_0 .net "cout", 0 0, L_0000000001155890;  alias, 1 drivers
v000000000114c960_0 .net8 "s", 0 0, RS_0000000001169fa8;  alias, 2 drivers
S_00000000010f4700 .scope module, "fa2" "fulladder2" 2 39, 3 33 0, S_000000000111b4b0;
 .timescale -9 -12;
    .port_info 0 /INPUT 1 "cin";
    .port_info 1 /INPUT 2 "a";
    .port_info 2 /INPUT 2 "b";
    .port_info 3 /OUTPUT 2 "s";
    .port_info 4 /OUTPUT 1 "cout";
v00000000011bc1a0_0 .net "a", 1 0, v00000000011c6f50_0;  1 drivers
v00000000011bd460_0 .net "b", 1 0, v00000000011c7700_0;  1 drivers
v00000000011bb980_0 .net "cin", 0 0, v00000000011c8380_0;  alias, 1 drivers
v00000000011bbac0_0 .net "cout", 0 0, L_0000000001155f20;  alias, 1 drivers
v00000000011bc7e0_0 .net "cout_tmp", 0 0, L_0000000001155a50;  1 drivers
v00000000011bcf60_0 .net "s", 1 0, L_00000000011c93c0;  alias, 1 drivers
L_00000000011c7d40 .part v00000000011c6f50_0, 0, 1;
L_00000000011c8d80 .part v00000000011c7700_0, 0, 1;
L_00000000011c9280 .part v00000000011c6f50_0, 1, 1;
L_00000000011c7de0 .part v00000000011c7700_0, 1, 1;
RS_000000000116a398 .resolv tri, L_0000000001155b30, L_00000000011557b0;
RS_000000000116a758 .resolv tri, L_0000000001155820, L_0000000001155e40;
L_00000000011c93c0 .concat8 [ 1 1 0 0], RS_000000000116a398, RS_000000000116a758;
S_00000000010e2d70 .scope module, "a0" "fulladder" 3 40, 3 20 0, S_00000000010f4700;
 .timescale -9 -12;
    .port_info 0 /INPUT 1 "cin";
    .port_info 1 /INPUT 1 "a";
    .port_info 2 /INPUT 1 "b";
    .port_info 3 /OUTPUT 1 "s";
    .port_info 4 /OUTPUT 1 "cout";
L_0000000001155f20 .functor OR 1, L_0000000001156230, L_0000000001155d60, C4<0>, C4<0>;
v00000000011bca60_0 .net "a", 0 0, L_00000000011c7d40;  1 drivers
v00000000011bc920_0 .net "b", 0 0, L_00000000011c8d80;  1 drivers
v00000000011bd140_0 .net "cin", 0 0, v00000000011c8380_0;  alias, 1 drivers
v00000000011bd500_0 .net "cout", 0 0, L_0000000001155f20;  alias, 1 drivers
v00000000011bc4c0_0 .net "cout_tmp1", 0 0, L_0000000001156230;  1 drivers
v00000000011bce20_0 .net "cout_tmp2", 0 0, L_0000000001155d60;  1 drivers
v00000000011bd6e0_0 .net8 "s", 0 0, RS_000000000116a398;  2 drivers
o000000000116a488 .functor BUFZ 1, C4<z>; HiZ drive
v00000000011bbca0_0 .net "s_tmp", 0 0, o000000000116a488;  0 drivers
S_00000000010e2f00 .scope module, "h0" "halfadder" 3 27, 3 10 0, S_00000000010e2d70;
 .timescale -9 -12;
    .port_info 0 /INPUT 1 "a";
    .port_info 1 /INPUT 1 "b";
    .port_info 2 /OUTPUT 1 "s";
    .port_info 3 /OUTPUT 1 "cout";
L_0000000001155b30 .functor XOR 1, L_00000000011c7d40, L_00000000011c8d80, C4<0>, C4<0>;
L_0000000001156230 .functor AND 1, L_00000000011c7d40, L_00000000011c8d80, C4<1>, C4<1>;
v000000000114ce60_0 .net "a", 0 0, L_00000000011c7d40;  alias, 1 drivers
v000000000114d5e0_0 .net "b", 0 0, L_00000000011c8d80;  alias, 1 drivers
v00000000011bd3c0_0 .net "cout", 0 0, L_0000000001156230;  alias, 1 drivers
v00000000011bb840_0 .net8 "s", 0 0, RS_000000000116a398;  alias, 2 drivers
S_00000000011653a0 .scope module, "h1" "halfadder" 3 28, 3 10 0, S_00000000010e2d70;
 .timescale -9 -12;
    .port_info 0 /INPUT 1 "a";
    .port_info 1 /INPUT 1 "b";
    .port_info 2 /OUTPUT 1 "s";
    .port_info 3 /OUTPUT 1 "cout";
L_00000000011557b0 .functor XOR 1, o000000000116a488, v00000000011c8380_0, C4<0>, C4<0>;
L_0000000001155d60 .functor AND 1, o000000000116a488, v00000000011c8380_0, C4<1>, C4<1>;
v00000000011bc9c0_0 .net "a", 0 0, o000000000116a488;  alias, 0 drivers
v00000000011bc6a0_0 .net "b", 0 0, v00000000011c8380_0;  alias, 1 drivers
v00000000011bcec0_0 .net "cout", 0 0, L_0000000001155d60;  alias, 1 drivers
v00000000011bc740_0 .net8 "s", 0 0, RS_000000000116a398;  alias, 2 drivers
S_0000000001165530 .scope module, "a1" "fulladder" 3 41, 3 20 0, S_00000000010f4700;
 .timescale -9 -12;
    .port_info 0 /INPUT 1 "cin";
    .port_info 1 /INPUT 1 "a";
    .port_info 2 /INPUT 1 "b";
    .port_info 3 /OUTPUT 1 "s";
    .port_info 4 /OUTPUT 1 "cout";
L_0000000001155a50 .functor OR 1, L_0000000001155970, L_00000000011554a0, C4<0>, C4<0>;
v00000000011bc2e0_0 .net "a", 0 0, L_00000000011c9280;  1 drivers
v00000000011bd0a0_0 .net "b", 0 0, L_00000000011c7de0;  1 drivers
v00000000011bbb60_0 .net "cin", 0 0, L_0000000001155a50;  alias, 1 drivers
v00000000011bcc40_0 .net "cout", 0 0, L_0000000001155a50;  alias, 1 drivers
v00000000011bd320_0 .net "cout_tmp1", 0 0, L_0000000001155970;  1 drivers
v00000000011bb8e0_0 .net "cout_tmp2", 0 0, L_00000000011554a0;  1 drivers
v00000000011bcce0_0 .net8 "s", 0 0, RS_000000000116a758;  2 drivers
o000000000116a848 .functor BUFZ 1, C4<z>; HiZ drive
v00000000011bcd80_0 .net "s_tmp", 0 0, o000000000116a848;  0 drivers
S_00000000011bd800 .scope module, "h0" "halfadder" 3 27, 3 10 0, S_0000000001165530;
 .timescale -9 -12;
    .port_info 0 /INPUT 1 "a";
    .port_info 1 /INPUT 1 "b";
    .port_info 2 /OUTPUT 1 "s";
    .port_info 3 /OUTPUT 1 "cout";
L_0000000001155820 .functor XOR 1, L_00000000011c9280, L_00000000011c7de0, C4<0>, C4<0>;
L_0000000001155970 .functor AND 1, L_00000000011c9280, L_00000000011c7de0, C4<1>, C4<1>;
v00000000011bc880_0 .net "a", 0 0, L_00000000011c9280;  alias, 1 drivers
v00000000011bd000_0 .net "b", 0 0, L_00000000011c7de0;  alias, 1 drivers
v00000000011bba20_0 .net "cout", 0 0, L_0000000001155970;  alias, 1 drivers
v00000000011bd5a0_0 .net8 "s", 0 0, RS_000000000116a758;  alias, 2 drivers
S_00000000011bf9a0 .scope module, "h1" "halfadder" 3 28, 3 10 0, S_0000000001165530;
 .timescale -9 -12;
    .port_info 0 /INPUT 1 "a";
    .port_info 1 /INPUT 1 "b";
    .port_info 2 /OUTPUT 1 "s";
    .port_info 3 /OUTPUT 1 "cout";
L_0000000001155e40 .functor XOR 1, o000000000116a848, L_0000000001155a50, C4<0>, C4<0>;
L_00000000011554a0 .functor AND 1, o000000000116a848, L_0000000001155a50, C4<1>, C4<1>;
v00000000011bd280_0 .net "a", 0 0, o000000000116a848;  alias, 0 drivers
v00000000011bcb00_0 .net "b", 0 0, L_0000000001155a50;  alias, 1 drivers
v00000000011bbc00_0 .net "cout", 0 0, L_00000000011554a0;  alias, 1 drivers
v00000000011bcba0_0 .net8 "s", 0 0, RS_000000000116a758;  alias, 2 drivers
S_00000000011bfb30 .scope module, "ha" "halfadder" 2 26, 3 10 0, S_000000000111b4b0;
 .timescale -9 -12;
    .port_info 0 /INPUT 1 "a";
    .port_info 1 /INPUT 1 "b";
    .port_info 2 /OUTPUT 1 "s";
    .port_info 3 /OUTPUT 1 "cout";
L_0000000001156150 .functor XOR 1, v00000000011c6af0_0, v00000000011c87e0_0, C4<0>, C4<0>;
L_00000000011561c0 .functor AND 1, v00000000011c6af0_0, v00000000011c87e0_0, C4<1>, C4<1>;
v00000000011bd1e0_0 .net "a", 0 0, v00000000011c6af0_0;  alias, 1 drivers
v00000000011bd640_0 .net "b", 0 0, v00000000011c87e0_0;  alias, 1 drivers
v00000000011bbd40_0 .net "cout", 0 0, L_00000000011561c0;  alias, 1 drivers
v00000000011bbde0_0 .net "s", 0 0, L_0000000001156150;  alias, 1 drivers
S_00000000011bfcc0 .scope task, "printPoints" "printPoints" 4 1, 4 1 0, S_000000000111b4b0;
 .timescale -9 -12;
v00000000011bbe80_0 .var "actual", 31 0;
v00000000011bbf20_0 .var "possible", 31 0;
TD_test_adders.printPoints ;
    %vpi_call 4 4 "$display", "<scorePossible>%d</scorePossible>", v00000000011bbf20_0 {0 0 0};
    %vpi_call 4 5 "$display", "<scoreActual>%d</scoreActual>", v00000000011bbe80_0 {0 0 0};
    %end;
S_00000000011bfe50 .scope module, "r0" "rca4" 2 45, 3 47 0, S_000000000111b4b0;
 .timescale -9 -12;
    .port_info 0 /INPUT 8 "SWITCH";
    .port_info 1 /OUTPUT 8 "LED";
v00000000011c65f0_0 .net "LED", 7 0, L_00000000011c8920;  alias, 1 drivers
v00000000011c5b50_0 .net "SWITCH", 7 0, L_00000000011c89c0;  1 drivers
L_0000000001510280 .functor BUFT 1, C4<0000>, C4<0>, C4<0>, C4<0>;
v00000000011c60f0_0 .net/2u *"_s19", 3 0, L_0000000001510280;  1 drivers
v00000000011c55b0_0 .net *"_s9", 2 0, L_00000000011c8100;  1 drivers
v00000000011c62d0_0 .net "cout0", 0 0, L_00000000011555f0;  1 drivers
L_00000000011c7c00 .part L_00000000011c89c0, 0, 2;
L_00000000011c7ca0 .part L_00000000011c89c0, 4, 2;
L_00000000011c8100 .part L_00000000011c89c0, 1, 3;
L_00000000011c81a0 .part L_00000000011c8100, 0, 2;
L_00000000011c8240 .part L_00000000011c89c0, 6, 2;
L_00000000011c8920 .concat8 [ 2 2 4 0], L_00000000011c75c0, L_00000000011c8740, L_0000000001510280;
S_00000000011bffe0 .scope module, "a0" "fulladder2" 3 50, 3 33 0, S_00000000011bfe50;
 .timescale -9 -12;
    .port_info 0 /INPUT 1 "cin";
    .port_info 1 /INPUT 2 "a";
    .port_info 2 /INPUT 2 "b";
    .port_info 3 /OUTPUT 2 "s";
    .port_info 4 /OUTPUT 1 "cout";
v00000000011c28f0_0 .net "a", 1 0, L_00000000011c7c00;  1 drivers
v00000000011c1e50_0 .net "b", 1 0, L_00000000011c7ca0;  1 drivers
L_0000000001510238 .functor BUFT 1, C4<1>, C4<0>, C4<0>, C4<0>;
v00000000011c1bd0_0 .net "cin", 0 0, L_0000000001510238;  1 drivers
v00000000011c2350_0 .net "cout", 0 0, L_00000000011555f0;  alias, 1 drivers
v00000000011c2210_0 .net "cout_tmp", 0 0, L_0000000001155c80;  1 drivers
v00000000011c2fd0_0 .net "s", 1 0, L_00000000011c75c0;  1 drivers
L_00000000011c9000 .part L_00000000011c7c00, 0, 1;
L_00000000011c7e80 .part L_00000000011c7ca0, 0, 1;
L_00000000011c91e0 .part L_00000000011c7c00, 1, 1;
L_00000000011c7f20 .part L_00000000011c7ca0, 1, 1;
RS_000000000116ae18 .resolv tri, L_0000000001155510, L_0000000001155900;
RS_000000000116b208 .resolv tri, L_0000000001155660, L_0000000001155ba0;
L_00000000011c75c0 .concat8 [ 1 1 0 0], RS_000000000116ae18, RS_000000000116b208;
S_00000000011c0170 .scope module, "a0" "fulladder" 3 40, 3 20 0, S_00000000011bffe0;
 .timescale -9 -12;
    .port_info 0 /INPUT 1 "cin";
    .port_info 1 /INPUT 1 "a";
    .port_info 2 /INPUT 1 "b";
    .port_info 3 /OUTPUT 1 "s";
    .port_info 4 /OUTPUT 1 "cout";
L_00000000011555f0 .functor OR 1, L_0000000001155580, L_0000000001155ac0, C4<0>, C4<0>;
v00000000011c3390_0 .net "a", 0 0, L_00000000011c9000;  1 drivers
v00000000011c1ef0_0 .net "b", 0 0, L_00000000011c7e80;  1 drivers
v00000000011c1c70_0 .net "cin", 0 0, L_0000000001510238;  alias, 1 drivers
v00000000011c2850_0 .net "cout", 0 0, L_00000000011555f0;  alias, 1 drivers
v00000000011c25d0_0 .net "cout_tmp1", 0 0, L_0000000001155580;  1 drivers
v00000000011c1950_0 .net "cout_tmp2", 0 0, L_0000000001155ac0;  1 drivers
v00000000011c1b30_0 .net8 "s", 0 0, RS_000000000116ae18;  2 drivers
o000000000116af08 .functor BUFZ 1, C4<z>; HiZ drive
v00000000011c2f30_0 .net "s_tmp", 0 0, o000000000116af08;  0 drivers
S_00000000011c0300 .scope module, "h0" "halfadder" 3 27, 3 10 0, S_00000000011c0170;
 .timescale -9 -12;
    .port_info 0 /INPUT 1 "a";
    .port_info 1 /INPUT 1 "b";
    .port_info 2 /OUTPUT 1 "s";
    .port_info 3 /OUTPUT 1 "cout";
L_0000000001155510 .functor XOR 1, L_00000000011c9000, L_00000000011c7e80, C4<0>, C4<0>;
L_0000000001155580 .functor AND 1, L_00000000011c9000, L_00000000011c7e80, C4<1>, C4<1>;
v00000000011bbfc0_0 .net "a", 0 0, L_00000000011c9000;  alias, 1 drivers
v00000000011bc060_0 .net "b", 0 0, L_00000000011c7e80;  alias, 1 drivers
v00000000011bc100_0 .net "cout", 0 0, L_0000000001155580;  alias, 1 drivers
v00000000011bc240_0 .net8 "s", 0 0, RS_000000000116ae18;  alias, 2 drivers
S_00000000011c12f0 .scope module, "h1" "halfadder" 3 28, 3 10 0, S_00000000011c0170;
 .timescale -9 -12;
    .port_info 0 /INPUT 1 "a";
    .port_info 1 /INPUT 1 "b";
    .port_info 2 /OUTPUT 1 "s";
    .port_info 3 /OUTPUT 1 "cout";
L_0000000001155900 .functor XOR 1, o000000000116af08, L_0000000001510238, C4<0>, C4<0>;
L_0000000001155ac0 .functor AND 1, o000000000116af08, L_0000000001510238, C4<1>, C4<1>;
v00000000011bc380_0 .net "a", 0 0, o000000000116af08;  alias, 0 drivers
v00000000011bc420_0 .net "b", 0 0, L_0000000001510238;  alias, 1 drivers
v00000000011bc560_0 .net "cout", 0 0, L_0000000001155ac0;  alias, 1 drivers
v00000000011bc600_0 .net8 "s", 0 0, RS_000000000116ae18;  alias, 2 drivers
S_00000000011c04e0 .scope module, "a1" "fulladder" 3 41, 3 20 0, S_00000000011bffe0;
 .timescale -9 -12;
    .port_info 0 /INPUT 1 "cin";
    .port_info 1 /INPUT 1 "a";
    .port_info 2 /INPUT 1 "b";
    .port_info 3 /OUTPUT 1 "s";
    .port_info 4 /OUTPUT 1 "cout";
L_0000000001155c80 .functor OR 1, L_00000000011559e0, L_0000000001155c10, C4<0>, C4<0>;
v00000000011c2ad0_0 .net "a", 0 0, L_00000000011c91e0;  1 drivers
v00000000011c2170_0 .net "b", 0 0, L_00000000011c7f20;  1 drivers
v00000000011c2c10_0 .net "cin", 0 0, L_0000000001155c80;  alias, 1 drivers
v00000000011c2b70_0 .net "cout", 0 0, L_0000000001155c80;  alias, 1 drivers
v00000000011c2cb0_0 .net "cout_tmp1", 0 0, L_00000000011559e0;  1 drivers
v00000000011c2df0_0 .net "cout_tmp2", 0 0, L_0000000001155c10;  1 drivers
v00000000011c1810_0 .net8 "s", 0 0, RS_000000000116b208;  2 drivers
o000000000116b2f8 .functor BUFZ 1, C4<z>; HiZ drive
v00000000011c1a90_0 .net "s_tmp", 0 0, o000000000116b2f8;  0 drivers
S_00000000011c0670 .scope module, "h0" "halfadder" 3 27, 3 10 0, S_00000000011c04e0;
 .timescale -9 -12;
    .port_info 0 /INPUT 1 "a";
    .port_info 1 /INPUT 1 "b";
    .port_info 2 /OUTPUT 1 "s";
    .port_info 3 /OUTPUT 1 "cout";
L_0000000001155660 .functor XOR 1, L_00000000011c91e0, L_00000000011c7f20, C4<0>, C4<0>;
L_00000000011559e0 .functor AND 1, L_00000000011c91e0, L_00000000011c7f20, C4<1>, C4<1>;
v00000000011c2030_0 .net "a", 0 0, L_00000000011c91e0;  alias, 1 drivers
v00000000011c19f0_0 .net "b", 0 0, L_00000000011c7f20;  alias, 1 drivers
v00000000011c1630_0 .net "cout", 0 0, L_00000000011559e0;  alias, 1 drivers
v00000000011c14f0_0 .net8 "s", 0 0, RS_000000000116b208;  alias, 2 drivers
S_00000000011c0e40 .scope module, "h1" "halfadder" 3 28, 3 10 0, S_00000000011c04e0;
 .timescale -9 -12;
    .port_info 0 /INPUT 1 "a";
    .port_info 1 /INPUT 1 "b";
    .port_info 2 /OUTPUT 1 "s";
    .port_info 3 /OUTPUT 1 "cout";
L_0000000001155ba0 .functor XOR 1, o000000000116b2f8, L_0000000001155c80, C4<0>, C4<0>;
L_0000000001155c10 .functor AND 1, o000000000116b2f8, L_0000000001155c80, C4<1>, C4<1>;
v00000000011c1590_0 .net "a", 0 0, o000000000116b2f8;  alias, 0 drivers
v00000000011c20d0_0 .net "b", 0 0, L_0000000001155c80;  alias, 1 drivers
v00000000011c2670_0 .net "cout", 0 0, L_0000000001155c10;  alias, 1 drivers
v00000000011c1f90_0 .net8 "s", 0 0, RS_000000000116b208;  alias, 2 drivers
S_00000000011c0800 .scope module, "a3" "fulladder2" 3 51, 3 33 0, S_00000000011bfe50;
 .timescale -9 -12;
    .port_info 0 /INPUT 1 "cin";
    .port_info 1 /INPUT 2 "a";
    .port_info 2 /INPUT 2 "b";
    .port_info 3 /OUTPUT 2 "s";
    .port_info 4 /OUTPUT 1 "cout";
v00000000011c5fb0_0 .net "a", 1 0, L_00000000011c81a0;  1 drivers
v00000000011c6870_0 .net "b", 1 0, L_00000000011c8240;  1 drivers
v00000000011c58d0_0 .net "cin", 0 0, L_00000000011555f0;  alias, 1 drivers
v00000000011c7090_0 .net "cout", 0 0, L_0000000001558d90;  1 drivers
v00000000011c71d0_0 .net "cout_tmp", 0 0, L_0000000001558af0;  1 drivers
v00000000011c7130_0 .net "s", 1 0, L_00000000011c8740;  1 drivers
L_00000000011c7fc0 .part L_00000000011c81a0, 0, 1;
L_00000000011c7660 .part L_00000000011c8240, 0, 1;
L_00000000011c8060 .part L_00000000011c81a0, 1, 1;
L_00000000011c7840 .part L_00000000011c8240, 1, 1;
RS_000000000116b748 .resolv tri, L_0000000001558230, L_0000000001558c40;
RS_000000000116bb08 .resolv tri, L_0000000001558e00, L_0000000001558d20;
L_00000000011c8740 .concat8 [ 1 1 0 0], RS_000000000116b748, RS_000000000116bb08;
S_00000000011c0990 .scope module, "a0" "fulladder" 3 40, 3 20 0, S_00000000011c0800;
 .timescale -9 -12;
    .port_info 0 /INPUT 1 "cin";
    .port_info 1 /INPUT 1 "a";
    .port_info 2 /INPUT 1 "b";
    .port_info 3 /OUTPUT 1 "s";
    .port_info 4 /OUTPUT 1 "cout";
L_0000000001558d90 .functor OR 1, L_0000000001558460, L_0000000001558cb0, C4<0>, C4<0>;
v00000000011c18b0_0 .net "a", 0 0, L_00000000011c7fc0;  1 drivers
v00000000011c23f0_0 .net "b", 0 0, L_00000000011c7660;  1 drivers
v00000000011c31b0_0 .net "cin", 0 0, L_00000000011555f0;  alias, 1 drivers
v00000000011c3110_0 .net "cout", 0 0, L_0000000001558d90;  alias, 1 drivers
v00000000011c1d10_0 .net "cout_tmp1", 0 0, L_0000000001558460;  1 drivers
v00000000011c2490_0 .net "cout_tmp2", 0 0, L_0000000001558cb0;  1 drivers
v00000000011c1db0_0 .net8 "s", 0 0, RS_000000000116b748;  2 drivers
o000000000116b838 .functor BUFZ 1, C4<z>; HiZ drive
v00000000011c2a30_0 .net "s_tmp", 0 0, o000000000116b838;  0 drivers
S_00000000011c0fd0 .scope module, "h0" "halfadder" 3 27, 3 10 0, S_00000000011c0990;
 .timescale -9 -12;
    .port_info 0 /INPUT 1 "a";
    .port_info 1 /INPUT 1 "b";
    .port_info 2 /OUTPUT 1 "s";
    .port_info 3 /OUTPUT 1 "cout";
L_0000000001558230 .functor XOR 1, L_00000000011c7fc0, L_00000000011c7660, C4<0>, C4<0>;
L_0000000001558460 .functor AND 1, L_00000000011c7fc0, L_00000000011c7660, C4<1>, C4<1>;
v00000000011c16d0_0 .net "a", 0 0, L_00000000011c7fc0;  alias, 1 drivers
v00000000011c22b0_0 .net "b", 0 0, L_00000000011c7660;  alias, 1 drivers
v00000000011c2710_0 .net "cout", 0 0, L_0000000001558460;  alias, 1 drivers
v00000000011c27b0_0 .net8 "s", 0 0, RS_000000000116b748;  alias, 2 drivers
S_00000000011c0b20 .scope module, "h1" "halfadder" 3 28, 3 10 0, S_00000000011c0990;
 .timescale -9 -12;
    .port_info 0 /INPUT 1 "a";
    .port_info 1 /INPUT 1 "b";
    .port_info 2 /OUTPUT 1 "s";
    .port_info 3 /OUTPUT 1 "cout";
L_0000000001558c40 .functor XOR 1, o000000000116b838, L_00000000011555f0, C4<0>, C4<0>;
L_0000000001558cb0 .functor AND 1, o000000000116b838, L_00000000011555f0, C4<1>, C4<1>;
v00000000011c2e90_0 .net "a", 0 0, o000000000116b838;  alias, 0 drivers
v00000000011c1770_0 .net "b", 0 0, L_00000000011555f0;  alias, 1 drivers
v00000000011c2990_0 .net "cout", 0 0, L_0000000001558cb0;  alias, 1 drivers
v00000000011c3070_0 .net8 "s", 0 0, RS_000000000116b748;  alias, 2 drivers
S_00000000011c1160 .scope module, "a1" "fulladder" 3 41, 3 20 0, S_00000000011c0800;
 .timescale -9 -12;
    .port_info 0 /INPUT 1 "cin";
    .port_info 1 /INPUT 1 "a";
    .port_info 2 /INPUT 1 "b";
    .port_info 3 /OUTPUT 1 "s";
    .port_info 4 /OUTPUT 1 "cout";
L_0000000001558af0 .functor OR 1, L_00000000015584d0, L_0000000001558930, C4<0>, C4<0>;
v00000000011c6eb0_0 .net "a", 0 0, L_00000000011c8060;  1 drivers
v00000000011c6690_0 .net "b", 0 0, L_00000000011c7840;  1 drivers
v00000000011c6730_0 .net "cin", 0 0, L_0000000001558af0;  alias, 1 drivers
v00000000011c5f10_0 .net "cout", 0 0, L_0000000001558af0;  alias, 1 drivers
v00000000011c6050_0 .net "cout_tmp1", 0 0, L_00000000015584d0;  1 drivers
v00000000011c67d0_0 .net "cout_tmp2", 0 0, L_0000000001558930;  1 drivers
v00000000011c6ff0_0 .net8 "s", 0 0, RS_000000000116bb08;  2 drivers
o000000000116bbf8 .functor BUFZ 1, C4<z>; HiZ drive
v00000000011c5830_0 .net "s_tmp", 0 0, o000000000116bbf8;  0 drivers
S_00000000011c0cb0 .scope module, "h0" "halfadder" 3 27, 3 10 0, S_00000000011c1160;
 .timescale -9 -12;
    .port_info 0 /INPUT 1 "a";
    .port_info 1 /INPUT 1 "b";
    .port_info 2 /OUTPUT 1 "s";
    .port_info 3 /OUTPUT 1 "cout";
L_0000000001558e00 .functor XOR 1, L_00000000011c8060, L_00000000011c7840, C4<0>, C4<0>;
L_00000000015584d0 .functor AND 1, L_00000000011c8060, L_00000000011c7840, C4<1>, C4<1>;
v00000000011c2530_0 .net "a", 0 0, L_00000000011c8060;  alias, 1 drivers
v00000000011c2d50_0 .net "b", 0 0, L_00000000011c7840;  alias, 1 drivers
v00000000011c3250_0 .net "cout", 0 0, L_00000000015584d0;  alias, 1 drivers
v00000000011c32f0_0 .net8 "s", 0 0, RS_000000000116bb08;  alias, 2 drivers
S_00000000011c4310 .scope module, "h1" "halfadder" 3 28, 3 10 0, S_00000000011c1160;
 .timescale -9 -12;
    .port_info 0 /INPUT 1 "a";
    .port_info 1 /INPUT 1 "b";
    .port_info 2 /OUTPUT 1 "s";
    .port_info 3 /OUTPUT 1 "cout";
L_0000000001558d20 .functor XOR 1, o000000000116bbf8, L_0000000001558af0, C4<0>, C4<0>;
L_0000000001558930 .functor AND 1, o000000000116bbf8, L_0000000001558af0, C4<1>, C4<1>;
v00000000011c6e10_0 .net "a", 0 0, o000000000116bbf8;  alias, 0 drivers
v00000000011c6d70_0 .net "b", 0 0, L_0000000001558af0;  alias, 1 drivers
v00000000011c6550_0 .net "cout", 0 0, L_0000000001558930;  alias, 1 drivers
v00000000011c73b0_0 .net8 "s", 0 0, RS_000000000116bb08;  alias, 2 drivers
    .scope S_000000000111b4b0;
T_1 ;
    %vpi_call 2 52 "$dumpfile", "rca.vcd" {0 0 0};
    %vpi_call 2 53 "$dumpvars" {0 0 0};
    %pushi/vec4 0, 0, 1;
    %store/vec4 v00000000011c6af0_0, 0, 1;
    %pushi/vec4 0, 0, 1;
    %store/vec4 v00000000011c87e0_0, 0, 1;
    %pushi/vec4 0, 0, 32;
    %store/vec4 v00000000011c8420_0, 0, 32;
    %pushi/vec4 0, 0, 32;
    %store/vec4 v00000000011c8ce0_0, 0, 32;
    %delay 100000, 0;
    %pushi/vec4 0, 0, 32;
    %store/vec4 v00000000011c8560_0, 0, 32;
T_1.0 ;
    %load/vec4 v00000000011c8560_0;
    %cmpi/s 3, 0, 32;
    %flag_or 5, 4;
    %jmp/0xz T_1.1, 5;
    %load/vec4 v00000000011c8560_0;
    %parti/s 1, 0, 2;
    %store/vec4 v00000000011c6af0_0, 0, 1;
    %load/vec4 v00000000011c8560_0;
    %parti/s 1, 1, 2;
    %store/vec4 v00000000011c87e0_0, 0, 1;
    %delay 6000, 0;
    %load/vec4 v00000000011c8ce0_0;
    %addi 2, 0, 32;
    %store/vec4 v00000000011c8ce0_0, 0, 32;
    %load/vec4 v00000000011c8560_0;
    %dup/vec4;
    %pushi/vec4 0, 0, 32;
    %cmp/u;
    %jmp/1 T_1.2, 6;
    %dup/vec4;
    %pushi/vec4 3, 0, 32;
    %cmp/u;
    %jmp/1 T_1.3, 6;
    %dup/vec4;
    %pushi/vec4 1, 0, 32;
    %cmp/u;
    %jmp/1 T_1.4, 6;
    %dup/vec4;
    %pushi/vec4 2, 0, 32;
    %cmp/u;
    %jmp/1 T_1.5, 6;
    %jmp T_1.6;
T_1.2 ;
    %load/vec4 v00000000011c6b90_0;
    %pad/u 32;
    %cmpi/ne 0, 0, 32;
    %jmp/0xz  T_1.7, 6;
    %load/vec4 v00000000011c8420_0;
    %cmpi/s 15, 0, 32;
    %jmp/0xz  T_1.9, 5;
    %vpi_call 2 78 "$display", "[halfadder] ERROR: %b + %b should produce sum=0 but was %b instead", v00000000011c6af0_0, v00000000011c87e0_0, v00000000011c6b90_0 {0 0 0};
T_1.9 ;
    %load/vec4 v00000000011c8420_0;
    %addi 1, 0, 32;
    %store/vec4 v00000000011c8420_0, 0, 32;
T_1.7 ;
    %jmp T_1.6;
T_1.3 ;
    %load/vec4 v00000000011c6b90_0;
    %pad/u 32;
    %cmpi/ne 0, 0, 32;
    %jmp/0xz  T_1.11, 6;
    %load/vec4 v00000000011c8420_0;
    %cmpi/s 15, 0, 32;
    %jmp/0xz  T_1.13, 5;
    %vpi_call 2 78 "$display", "[halfadder] ERROR: %b + %b should produce sum=0 but was %b instead", v00000000011c6af0_0, v00000000011c87e0_0, v00000000011c6b90_0 {0 0 0};
T_1.13 ;
    %load/vec4 v00000000011c8420_0;
    %addi 1, 0, 32;
    %store/vec4 v00000000011c8420_0, 0, 32;
T_1.11 ;
    %jmp T_1.6;
T_1.4 ;
    %load/vec4 v00000000011c6b90_0;
    %pad/u 32;
    %cmpi/ne 1, 0, 32;
    %jmp/0xz  T_1.15, 6;
    %load/vec4 v00000000011c8420_0;
    %cmpi/s 15, 0, 32;
    %jmp/0xz  T_1.17, 5;
    %vpi_call 2 85 "$display", "[halfadder] ERROR: %b + %b should produce sum=1 but was %b instead", v00000000011c6af0_0, v00000000011c87e0_0, v00000000011c6b90_0 {0 0 0};
T_1.17 ;
    %load/vec4 v00000000011c8420_0;
    %addi 1, 0, 32;
    %store/vec4 v00000000011c8420_0, 0, 32;
T_1.15 ;
    %jmp T_1.6;
T_1.5 ;
    %load/vec4 v00000000011c6b90_0;
    %pad/u 32;
    %cmpi/ne 1, 0, 32;
    %jmp/0xz  T_1.19, 6;
    %load/vec4 v00000000011c8420_0;
    %cmpi/s 15, 0, 32;
    %jmp/0xz  T_1.21, 5;
    %vpi_call 2 85 "$display", "[halfadder] ERROR: %b + %b should produce sum=1 but was %b instead", v00000000011c6af0_0, v00000000011c87e0_0, v00000000011c6b90_0 {0 0 0};
T_1.21 ;
    %load/vec4 v00000000011c8420_0;
    %addi 1, 0, 32;
    %store/vec4 v00000000011c8420_0, 0, 32;
T_1.19 ;
    %jmp T_1.6;
T_1.6 ;
    %pop/vec4 1;
    %load/vec4 v00000000011c8560_0;
    %cmpi/s 3, 0, 32;
    %flag_get/vec4 5;
    %pushi/vec4 0, 0, 32;
    %load/vec4 v00000000011c6a50_0;
    %pad/u 32;
    %cmp/ne;
    %flag_get/vec4 6;
    %and;
    %flag_set/vec4 8;
    %jmp/0xz  T_1.23, 8;
    %load/vec4 v00000000011c8420_0;
    %cmpi/s 15, 0, 32;
    %jmp/0xz  T_1.25, 5;
    %vpi_call 2 94 "$display", "[halfadder] ERROR: %b + %b should produce cout=0 but was %b instead", v00000000011c6af0_0, v00000000011c87e0_0, v00000000011c6a50_0 {0 0 0};
T_1.25 ;
    %load/vec4 v00000000011c8420_0;
    %addi 1, 0, 32;
    %store/vec4 v00000000011c8420_0, 0, 32;
T_1.23 ;
    %load/vec4 v00000000011c8560_0;
    %pushi/vec4 3, 0, 32;
    %cmp/e;
    %flag_get/vec4 4;
    %pushi/vec4 1, 0, 32;
    %load/vec4 v00000000011c6a50_0;
    %pad/u 32;
    %cmp/ne;
    %flag_get/vec4 6;
    %and;
    %flag_set/vec4 8;
    %jmp/0xz  T_1.27, 8;
    %load/vec4 v00000000011c8420_0;
    %cmpi/s 15, 0, 32;
    %jmp/0xz  T_1.29, 5;
    %vpi_call 2 100 "$display", "[halfadder] ERROR: %b + %b should produce cout=1 but was %b instead", v00000000011c6af0_0, v00000000011c87e0_0, v00000000011c6a50_0 {0 0 0};
T_1.29 ;
    %load/vec4 v00000000011c8420_0;
    %addi 1, 0, 32;
    %store/vec4 v00000000011c8420_0, 0, 32;
T_1.27 ;
    %load/vec4 v00000000011c8560_0;
    %addi 1, 0, 32;
    %store/vec4 v00000000011c8560_0, 0, 32;
    %jmp T_1.0;
T_1.1 ;
    %pushi/vec4 0, 0, 32;
    %store/vec4 v00000000011c8560_0, 0, 32;
T_1.31 ;
    %load/vec4 v00000000011c8560_0;
    %cmpi/s 7, 0, 32;
    %flag_or 5, 4;
    %jmp/0xz T_1.32, 5;
    %load/vec4 v00000000011c8560_0;
    %parti/s 1, 0, 2;
    %store/vec4 v00000000011c6af0_0, 0, 1;
    %load/vec4 v00000000011c8560_0;
    %parti/s 1, 1, 2;
    %store/vec4 v00000000011c87e0_0, 0, 1;
    %load/vec4 v00000000011c8560_0;
    %parti/s 1, 2, 3;
    %store/vec4 v00000000011c8380_0, 0, 1;
    %delay 6000, 0;
    %load/vec4 v00000000011c8ce0_0;
    %addi 2, 0, 32;
    %store/vec4 v00000000011c8ce0_0, 0, 32;
    %load/vec4 v00000000011c8c40_0;
    %load/vec4 v00000000011c5dd0_0;
    %cmp/ne;
    %jmp/0xz  T_1.33, 6;
    %load/vec4 v00000000011c8420_0;
    %cmpi/s 15, 0, 32;
    %jmp/0xz  T_1.35, 5;
    %vpi_call 2 120 "$display", "[fulladder] ERROR: %b + %b should produce cout=%b but was %b instead", v00000000011c6af0_0, v00000000011c87e0_0, v00000000011c8c40_0, v00000000011c5dd0_0 {0 0 0};
T_1.35 ;
    %load/vec4 v00000000011c8420_0;
    %addi 1, 0, 32;
    %store/vec4 v00000000011c8420_0, 0, 32;
T_1.33 ;
    %load/vec4 v00000000011c84c0_0;
    %load/vec4 v00000000011c69b0_0;
    %cmp/ne;
    %jmp/0xz  T_1.37, 6;
    %load/vec4 v00000000011c8420_0;
    %cmpi/s 15, 0, 32;
    %jmp/0xz  T_1.39, 5;
    %vpi_call 2 126 "$display", "[fulladder] ERROR: %b + %b should produce sum=%b but was %b instead", v00000000011c6af0_0, v00000000011c87e0_0, v00000000011c84c0_0, v00000000011c69b0_0 {0 0 0};
T_1.39 ;
    %load/vec4 v00000000011c8420_0;
    %addi 1, 0, 32;
    %store/vec4 v00000000011c8420_0, 0, 32;
T_1.37 ;
    %load/vec4 v00000000011c8560_0;
    %addi 1, 0, 32;
    %store/vec4 v00000000011c8560_0, 0, 32;
    %jmp T_1.31;
T_1.32 ;
    %pushi/vec4 0, 0, 32;
    %store/vec4 v00000000011c8560_0, 0, 32;
T_1.41 ;
    %load/vec4 v00000000011c8560_0;
    %cmpi/s 31, 0, 32;
    %flag_or 5, 4;
    %jmp/0xz T_1.42, 5;
    %load/vec4 v00000000011c8560_0;
    %parti/s 2, 0, 2;
    %store/vec4 v00000000011c6f50_0, 0, 2;
    %load/vec4 v00000000011c8560_0;
    %parti/s 2, 2, 3;
    %store/vec4 v00000000011c7700_0, 0, 2;
    %load/vec4 v00000000011c8560_0;
    %parti/s 1, 4, 4;
    %store/vec4 v00000000011c8380_0, 0, 1;
    %delay 6000, 0;
    %load/vec4 v00000000011c8ce0_0;
    %addi 2, 0, 32;
    %store/vec4 v00000000011c8ce0_0, 0, 32;
    %load/vec4 v00000000011c8ba0_0;
    %load/vec4 v00000000011c56f0_0;
    %cmp/ne;
    %jmp/0xz  T_1.43, 6;
    %load/vec4 v00000000011c8420_0;
    %cmpi/s 15, 0, 32;
    %jmp/0xz  T_1.45, 5;
    %vpi_call 2 145 "$display", "[fulladder2] ERROR: %b + %b should produce cout=%b but was %b instead", v00000000011c6f50_0, v00000000011c7700_0, v00000000011c8ba0_0, v00000000011c56f0_0 {0 0 0};
T_1.45 ;
    %load/vec4 v00000000011c8420_0;
    %addi 1, 0, 32;
    %store/vec4 v00000000011c8420_0, 0, 32;
T_1.43 ;
    %load/vec4 v00000000011c7a20_0;
    %load/vec4 v00000000011c5e70_0;
    %cmp/ne;
    %jmp/0xz  T_1.47, 6;
    %load/vec4 v00000000011c8420_0;
    %cmpi/s 15, 0, 32;
    %jmp/0xz  T_1.49, 5;
    %vpi_call 2 151 "$display", "[fulladder2] ERROR: %b + %b should produce sum=%b but was %b instead", v00000000011c6f50_0, v00000000011c7700_0, v00000000011c7a20_0, v00000000011c5e70_0 {0 0 0};
T_1.49 ;
    %load/vec4 v00000000011c8420_0;
    %addi 1, 0, 32;
    %store/vec4 v00000000011c8420_0, 0, 32;
T_1.47 ;
    %load/vec4 v00000000011c8560_0;
    %addi 1, 0, 32;
    %store/vec4 v00000000011c8560_0, 0, 32;
    %jmp T_1.41;
T_1.42 ;
    %pushi/vec4 0, 0, 32;
    %store/vec4 v00000000011c8560_0, 0, 32;
T_1.51 ;
    %load/vec4 v00000000011c8560_0;
    %cmpi/s 255, 0, 32;
    %flag_or 5, 4;
    %jmp/0xz T_1.52, 5;
    %load/vec4 v00000000011c8560_0;
    %parti/s 4, 0, 2;
    %store/vec4 v00000000011c5ab0_0, 0, 4;
    %load/vec4 v00000000011c8560_0;
    %parti/s 4, 4, 4;
    %store/vec4 v00000000011c8880_0, 0, 4;
    %delay 6000, 0;
    %load/vec4 v00000000011c8ce0_0;
    %addi 1, 0, 32;
    %store/vec4 v00000000011c8ce0_0, 0, 32;
    %load/vec4 v00000000011c7520_0;
    %pad/u 8;
    %load/vec4 v00000000011c6c30_0;
    %cmp/ne;
    %jmp/0xz  T_1.53, 6;
    %load/vec4 v00000000011c8420_0;
    %cmpi/s 15, 0, 32;
    %jmp/0xz  T_1.55, 5;
    %vpi_call 2 170 "$display", "[rca4] ERROR: %b + %b should produce sum=%b but was %b instead", v00000000011c5ab0_0, v00000000011c8880_0, v00000000011c7520_0, v00000000011c6c30_0 {0 0 0};
T_1.55 ;
    %load/vec4 v00000000011c8420_0;
    %addi 1, 0, 32;
    %store/vec4 v00000000011c8420_0, 0, 32;
T_1.53 ;
    %load/vec4 v00000000011c8560_0;
    %addi 1, 0, 32;
    %store/vec4 v00000000011c8560_0, 0, 32;
    %jmp T_1.51;
T_1.52 ;
    %load/vec4 v00000000011c8420_0;
    %cmpi/s 15, 0, 32;
    %flag_or 5, 4; GT is !LE
    %flag_inv 5;
    %jmp/0xz  T_1.57, 5;
    %load/vec4 v00000000011c8420_0;
    %subi 15, 0, 32;
    %vpi_call 2 177 "$display", "Additional %d errors NOT printed.", S<0,vec4,s32> {1 0 0};
T_1.57 ;
    %vpi_call 2 179 "$display", "Simulation finished: %d test cases %d errors", v00000000011c8ce0_0, v00000000011c8420_0 {0 0 0};
    %load/vec4 v00000000011c8ce0_0;
    %store/vec4 v00000000011bbf20_0, 0, 32;
    %load/vec4 v00000000011c8ce0_0;
    %load/vec4 v00000000011c8420_0;
    %sub;
    %store/vec4 v00000000011bbe80_0, 0, 32;
    %fork TD_test_adders.printPoints, S_00000000011bfcc0;
    %join;
    %vpi_call 2 181 "$finish" {0 0 0};
    %end;
    .thread T_1;
# The file index is used to find the file name in the following table.
:file_names 5;
    "N/A";
    "<interactive>";
    "rca_testbench.v";
    "rca.v";
    "./print_points.v";
